<?xml version="1.0" encoding="UTF-8"?>
<testng-results ignored="0" total="1" passed="1" failed="0" skipped="0">
  <reporter-output>
  </reporter-output>
  <suite started-at="2023-04-12T11:31:27 IST" name="Default suite" finished-at="2023-04-12T11:32:30 IST" duration-ms="63104">
    <groups>
    </groups>
    <test started-at="2023-04-12T11:31:27 IST" name="Default test" finished-at="2023-04-12T11:32:30 IST" duration-ms="63104">
      <class name="Ecommerce.MobilebrowserTest">
        <test-method is-config="true" signature="ConfigTest()[pri:0, instance:Ecommerce.MobilebrowserTest@741a8937]" started-at="2023-04-12T11:31:27 IST" name="ConfigTest" finished-at="2023-04-12T11:32:21 IST" duration-ms="53846" status="PASS">
          <reporter-output>
          </reporter-output>
        </test-method> <!-- ConfigTest -->
        <test-method signature="MobileBrowserTest()[pri:0, instance:Ecommerce.MobilebrowserTest@741a8937]" started-at="2023-04-12T11:32:21 IST" name="MobileBrowserTest" finished-at="2023-04-12T11:32:30 IST" duration-ms="8898" status="PASS">
          <reporter-output>
          </reporter-output>
        </test-method> <!-- MobileBrowserTest -->
        <test-method is-config="true" signature="tearDown()[pri:0, instance:Ecommerce.MobilebrowserTest@741a8937]" started-at="2023-04-12T11:32:30 IST" name="tearDown" finished-at="2023-04-12T11:32:30 IST" duration-ms="327" status="PASS">
          <reporter-output>
          </reporter-output>
        </test-method> <!-- tearDown -->
      </class> <!-- Ecommerce.MobilebrowserTest -->
    </test> <!-- Default test -->
  </suite> <!-- Default suite -->
</testng-results>
